C:\PRYWATNE\STERNIK\WINDOWSFORMSAPPLICATION1\WINDOWSFORMSAPPLICATION1\PROJECT1\DEBUG\PROGRAM.OBJ
C:\PRYWATNE\STERNIK\WINDOWSFORMSAPPLICATION1\WINDOWSFORMSAPPLICATION1\PROJECT1\DEBUG\VC110.PDB
C:\PRYWATNE\STERNIK\WINDOWSFORMSAPPLICATION1\WINDOWSFORMSAPPLICATION1\PROJECT1\DEBUG\FORM.OBJ
C:\PRYWATNE\STERNIK\WINDOWSFORMSAPPLICATION1\WINDOWSFORMSAPPLICATION1\PROJECT1\DEBUG\APPLICATIONCPP.OBJ
C:\PRYWATNE\STERNIK\WINDOWSFORMSAPPLICATION1\WINDOWSFORMSAPPLICATION1\PROJECT1\DEBUG\APPLICATION.OBJ
C:\PRYWATNE\STERNIK\WINDOWSFORMSAPPLICATION1\WINDOWSFORMSAPPLICATION1\DEBUG\PROJECT1.ILK
C:\PRYWATNE\STERNIK\WINDOWSFORMSAPPLICATION1\WINDOWSFORMSAPPLICATION1\DEBUG\PROJECT1.EXE
C:\PRYWATNE\STERNIK\WINDOWSFORMSAPPLICATION1\WINDOWSFORMSAPPLICATION1\DEBUG\PROJECT1.PDB
C:\Prywatne\sternik\WindowsFormsApplication1\WindowsFormsApplication1\Project1\Debug\Application.obj
C:\Prywatne\sternik\WindowsFormsApplication1\WindowsFormsApplication1\Project1\Debug\Applicationcpp.obj
C:\Prywatne\sternik\WindowsFormsApplication1\WindowsFormsApplication1\Project1\Debug\Form.obj
C:\Prywatne\sternik\WindowsFormsApplication1\WindowsFormsApplication1\Project1\Debug\Program.obj
C:\Prywatne\sternik\WindowsFormsApplication1\WindowsFormsApplication1\Project1\Debug\cl.command.1.tlog
C:\Prywatne\sternik\WindowsFormsApplication1\WindowsFormsApplication1\Project1\Debug\CL.read.1.tlog
C:\Prywatne\sternik\WindowsFormsApplication1\WindowsFormsApplication1\Project1\Debug\CL.write.1.tlog
C:\Prywatne\sternik\WindowsFormsApplication1\WindowsFormsApplication1\Project1\Debug\link-cvtres.read.1.tlog
C:\Prywatne\sternik\WindowsFormsApplication1\WindowsFormsApplication1\Project1\Debug\link-cvtres.write.1.tlog
C:\Prywatne\sternik\WindowsFormsApplication1\WindowsFormsApplication1\Project1\Debug\link-rc.read.1.tlog
C:\Prywatne\sternik\WindowsFormsApplication1\WindowsFormsApplication1\Project1\Debug\link-rc.write.1.tlog
C:\Prywatne\sternik\WindowsFormsApplication1\WindowsFormsApplication1\Project1\Debug\link.2564-cvtres.read.1.tlog
C:\Prywatne\sternik\WindowsFormsApplication1\WindowsFormsApplication1\Project1\Debug\link.2564-cvtres.write.1.tlog
C:\Prywatne\sternik\WindowsFormsApplication1\WindowsFormsApplication1\Project1\Debug\link.2564-rc.read.1.tlog
C:\Prywatne\sternik\WindowsFormsApplication1\WindowsFormsApplication1\Project1\Debug\link.2564-rc.write.1.tlog
C:\Prywatne\sternik\WindowsFormsApplication1\WindowsFormsApplication1\Project1\Debug\link.2564.read.1.tlog
C:\Prywatne\sternik\WindowsFormsApplication1\WindowsFormsApplication1\Project1\Debug\link.2564.write.1.tlog
C:\Prywatne\sternik\WindowsFormsApplication1\WindowsFormsApplication1\Project1\Debug\link.4460-cvtres.read.1.tlog
C:\Prywatne\sternik\WindowsFormsApplication1\WindowsFormsApplication1\Project1\Debug\link.4460-cvtres.write.1.tlog
C:\Prywatne\sternik\WindowsFormsApplication1\WindowsFormsApplication1\Project1\Debug\link.4460-rc.read.1.tlog
C:\Prywatne\sternik\WindowsFormsApplication1\WindowsFormsApplication1\Project1\Debug\link.4460-rc.write.1.tlog
C:\Prywatne\sternik\WindowsFormsApplication1\WindowsFormsApplication1\Project1\Debug\link.4460.read.1.tlog
C:\Prywatne\sternik\WindowsFormsApplication1\WindowsFormsApplication1\Project1\Debug\link.4460.write.1.tlog
C:\Prywatne\sternik\WindowsFormsApplication1\WindowsFormsApplication1\Project1\Debug\link.4948-cvtres.read.1.tlog
C:\Prywatne\sternik\WindowsFormsApplication1\WindowsFormsApplication1\Project1\Debug\link.4948-cvtres.write.1.tlog
C:\Prywatne\sternik\WindowsFormsApplication1\WindowsFormsApplication1\Project1\Debug\link.4948-rc.read.1.tlog
C:\Prywatne\sternik\WindowsFormsApplication1\WindowsFormsApplication1\Project1\Debug\link.4948-rc.write.1.tlog
C:\Prywatne\sternik\WindowsFormsApplication1\WindowsFormsApplication1\Project1\Debug\link.4948.read.1.tlog
C:\Prywatne\sternik\WindowsFormsApplication1\WindowsFormsApplication1\Project1\Debug\link.4948.write.1.tlog
C:\Prywatne\sternik\WindowsFormsApplication1\WindowsFormsApplication1\Project1\Debug\link.6020-cvtres.read.1.tlog
C:\Prywatne\sternik\WindowsFormsApplication1\WindowsFormsApplication1\Project1\Debug\link.6020-cvtres.write.1.tlog
C:\Prywatne\sternik\WindowsFormsApplication1\WindowsFormsApplication1\Project1\Debug\link.6020-rc.read.1.tlog
C:\Prywatne\sternik\WindowsFormsApplication1\WindowsFormsApplication1\Project1\Debug\link.6020-rc.write.1.tlog
C:\Prywatne\sternik\WindowsFormsApplication1\WindowsFormsApplication1\Project1\Debug\link.6020.read.1.tlog
C:\Prywatne\sternik\WindowsFormsApplication1\WindowsFormsApplication1\Project1\Debug\link.6020.write.1.tlog
C:\Prywatne\sternik\WindowsFormsApplication1\WindowsFormsApplication1\Project1\Debug\link.996-cvtres.read.1.tlog
C:\Prywatne\sternik\WindowsFormsApplication1\WindowsFormsApplication1\Project1\Debug\link.996-cvtres.write.1.tlog
C:\Prywatne\sternik\WindowsFormsApplication1\WindowsFormsApplication1\Project1\Debug\link.996-rc.read.1.tlog
C:\Prywatne\sternik\WindowsFormsApplication1\WindowsFormsApplication1\Project1\Debug\link.996-rc.write.1.tlog
C:\Prywatne\sternik\WindowsFormsApplication1\WindowsFormsApplication1\Project1\Debug\link.996.read.1.tlog
C:\Prywatne\sternik\WindowsFormsApplication1\WindowsFormsApplication1\Project1\Debug\link.996.write.1.tlog
C:\Prywatne\sternik\WindowsFormsApplication1\WindowsFormsApplication1\Project1\Debug\link.command.1.tlog
C:\Prywatne\sternik\WindowsFormsApplication1\WindowsFormsApplication1\Project1\Debug\link.read.1.tlog
C:\Prywatne\sternik\WindowsFormsApplication1\WindowsFormsApplication1\Project1\Debug\link.write.1.tlog
C:\Prywatne\sternik\WindowsFormsApplication1\WindowsFormsApplication1\Project1\Debug\vc110.idb
C:\Prywatne\sternik\WindowsFormsApplication1\WindowsFormsApplication1\Project1\Debug\vc110.pdb
C:\Prywatne\sternik\WindowsFormsApplication1\WindowsFormsApplication1\Debug\Project1.pdb
C:\Prywatne\sternik\WindowsFormsApplication1\WindowsFormsApplication1\Debug\Project1.exe
C:\Prywatne\sternik\WindowsFormsApplication1\WindowsFormsApplication1\Debug\Project1.ilk
