Build started 2015-03-12 09:54:22.
     1>Project "C:\Prywatne\sternik\WindowsFormsApplication1\WindowsFormsApplication1\Project1\Project1.vcxproj" on node 2 (Build target(s)).
     1>ClCompile:
         C:\Program Files (x86)\Microsoft Visual Studio 11.0\VC\bin\CL.exe /c /ZI /nologo /W3 /WX- /Od /Oy- /D _MBCS /Gm /EHsc /RTC1 /MDd /GS /fp:precise /Zc:wchar_t /Zc:forScope /Fo"Debug\\" /Fd"Debug\vc110.pdb" /Gd /TP /analyze- /errorReport:prompt Form1.cpp Program.cpp
         Form1.cpp
     1>c:\prywatne\sternik\windowsformsapplication1\windowsformsapplication1\project1\size.h(13): warning C4091: 'typedef ' : ignored on left of 'WinToolkit::Drawing::Size' when no variable is declared
     1>c:\prywatne\sternik\windowsformsapplication1\windowsformsapplication1\project1\point.h(13): warning C4091: 'typedef ' : ignored on left of 'WinToolkit::Drawing::Point' when no variable is declared
         Generating Code...
         Compiling...
         Program.cpp
     1>c:\prywatne\sternik\windowsformsapplication1\windowsformsapplication1\project1\size.h(13): warning C4091: 'typedef ' : ignored on left of 'WinToolkit::Drawing::Size' when no variable is declared
     1>c:\prywatne\sternik\windowsformsapplication1\windowsformsapplication1\project1\point.h(13): warning C4091: 'typedef ' : ignored on left of 'WinToolkit::Drawing::Point' when no variable is declared
         Generating Code...
       Link:
         C:\Program Files (x86)\Microsoft Visual Studio 11.0\VC\bin\link.exe /ERRORREPORT:PROMPT /OUT:"C:\Prywatne\sternik\WindowsFormsApplication1\WindowsFormsApplication1\Debug\Project1.exe" /INCREMENTAL /NOLOGO kernel32.lib user32.lib gdi32.lib winspool.lib comdlg32.lib advapi32.lib shell32.lib ole32.lib oleaut32.lib uuid.lib odbc32.lib odbccp32.lib /MANIFEST /MANIFESTUAC:"level='asInvoker' uiAccess='false'" /manifest:embed /DEBUG /PDB:"C:\Prywatne\sternik\WindowsFormsApplication1\WindowsFormsApplication1\Debug\Project1.pdb" /TLBID:1 /DYNAMICBASE /NXCOMPAT /IMPLIB:"C:\Prywatne\sternik\WindowsFormsApplication1\WindowsFormsApplication1\Debug\Project1.lib" /MACHINE:X86 Debug\Application.obj
         Debug\Button.obj
         Debug\Control.obj
         Debug\ControlCollection.obj
         Debug\Form.obj
         Debug\Form1.obj
         Debug\Program.obj
         Project1.vcxproj -> C:\Prywatne\sternik\WindowsFormsApplication1\WindowsFormsApplication1\Debug\Project1.exe
     1>Done Building Project "C:\Prywatne\sternik\WindowsFormsApplication1\WindowsFormsApplication1\Project1\Project1.vcxproj" (Build target(s)).

Build succeeded.

Time Elapsed 00:00:01.62
